<?xml version="1.0" encoding="UTF-8"?>
<!-- Generated by org.testng.reporters.JUnitReportReporter -->
<testsuite skipped="0" hostname="apples-MacBook-Air.local" name="TestCases.GroupTest" tests="2" failures="0" timestamp="2023-01-06T08:29:50 IST" time="16.193" errors="0">
  <testcase name="Test3" time="12.310" classname="TestCases.GroupTest"/>
  <testcase name="Test1" time="3.883" classname="TestCases.GroupTest"/>
</testsuite> <!-- TestCases.GroupTest -->
