<?xml version="1.0" encoding="UTF-8"?>
<!-- Generated by org.testng.reporters.JUnitReportReporter -->
<testsuite skipped="0" hostname="apples-MacBook-Air.local" name="TestCases.ParellelTest" tests="4" failures="0" timestamp="2023-01-07T08:26:52 IST" time="107.706" errors="0">
  <testcase name="test4" time="26.903" classname="TestCases.ParellelTest"/>
  <testcase name="test3" time="34.626" classname="TestCases.ParellelTest"/>
  <testcase name="test1" time="21.955" classname="TestCases.ParellelTest"/>
  <testcase name="test2" time="24.222" classname="TestCases.ParellelTest"/>
</testsuite> <!-- TestCases.ParellelTest -->
