<?xml version="1.0" encoding="UTF-8"?>
<!-- Generated by org.testng.reporters.JUnitReportReporter -->
<testsuite skipped="0" hostname="apples-MacBook-Air.local" name="TestCases.PriorityTest" tests="1" failures="0" timestamp="2023-01-04T08:54:37 IST" time="3.792" errors="0">
  <testcase name="verifyTitleTest1" time="3.792" classname="TestCases.PriorityTest"/>
</testsuite> <!-- TestCases.PriorityTest -->
