<?xml version="1.0" encoding="UTF-8"?>
<!-- Generated by org.testng.reporters.JUnitReportReporter -->
<testsuite skipped="0" hostname="apples-MacBook-Air.local" name="TestCases.DependsonTest" tests="2" failures="0" timestamp="2023-01-04T08:16:50 IST" time="18.604" errors="0">
  <testcase name="loginToAppTest" time="4.750" classname="TestCases.DependsonTest"/>
  <testcase name="verifyTitleTest" time="13.854" classname="TestCases.DependsonTest"/>
</testsuite> <!-- TestCases.DependsonTest -->
