<?xml version="1.0" encoding="UTF-8"?>
<!-- Generated by org.testng.reporters.JUnitReportReporter -->
<testsuite skipped="0" hostname="apples-MacBook-Air.local" name="TestCases.LoginPageTest" tests="1" failures="0" timestamp="2023-01-06T08:29:55 IST" time="3.998" errors="0">
  <testcase name="verifyTitleTest" time="3.998" classname="TestCases.LoginPageTest"/>
</testsuite> <!-- TestCases.LoginPageTest -->
